{"/Users/ntzi/Developer/Assignments/Super Simple/anomalous-metrics-test-task/src/app.ts": {"path":"/Users/ntzi/Developer/Assignments/Super Simple/anomalous-metrics-test-task/src/app.ts","statementMap":{"0":{"start":{"line":1,"column":0},"end":{"line":1,"column":30}},"1":{"start":{"line":2,"column":0},"end":{"line":2,"column":47}},"2":{"start":{"line":3,"column":0},"end":{"line":3,"column":24}},"3":{"start":{"line":5,"column":12},"end":{"line":5,"column":21}},"4":{"start":{"line":6,"column":13},"end":{"line":6,"column":29}},"5":{"start":{"line":8,"column":0},"end":{"line":8,"column":16}},"6":{"start":{"line":10,"column":0},"end":{"line":12,"column":3}},"7":{"start":{"line":11,"column":1},"end":{"line":11,"column":54}},"8":{"start":{"line":14,"column":0},"end":{"line":14,"column":25}},"9":{"start":{"line":16,"column":0},"end":{"line":16,"column":19}}},"fnMap":{"0":{"name":"(anonymous_1)","decl":{"start":{"line":10,"column":17},"end":{"line":10,"column":20}},"loc":{"start":{"line":10,"column":22},"end":{"line":12,"column":1}}}},"branchMap":{},"s":{"0":1,"1":1,"2":1,"3":1,"4":1,"5":1,"6":1,"7":1,"8":1,"9":1},"f":{"0":1},"b":{}}
,"/Users/ntzi/Developer/Assignments/Super Simple/anomalous-metrics-test-task/src/controllers/conversion.ts": {"path":"/Users/ntzi/Developer/Assignments/Super Simple/anomalous-metrics-test-task/src/controllers/conversion.ts","statementMap":{"0":{"start":{"line":2,"column":0},"end":{"line":2,"column":42}},"1":{"start":{"line":3,"column":0},"end":{"line":3,"column":50}},"2":{"start":{"line":4,"column":0},"end":{"line":4,"column":null}},"3":{"start":{"line":15,"column":2},"end":{"line":40,"column":4}},"4":{"start":{"line":21,"column":8},"end":{"line":21,"column":11}},"5":{"start":{"line":23,"column":4},"end":{"line":23,"column":29}},"6":{"start":{"line":25,"column":34},"end":{"line":25,"column":66}},"7":{"start":{"line":26,"column":26},"end":{"line":26,"column":50}},"8":{"start":{"line":27,"column":28},"end":{"line":27,"column":64}},"9":{"start":{"line":28,"column":21},"end":{"line":30,"column":null}},"10":{"start":{"line":32,"column":21},"end":{"line":32,"column":45}},"11":{"start":{"line":33,"column":27},"end":{"line":35,"column":null}},"12":{"start":{"line":38,"column":4},"end":{"line":38,"column":48}},"13":{"start":{"line":13,"column":0},"end":{"line":13,"column":21}}},"fnMap":{"0":{"name":"(anonymous_1)","decl":{"start":{"line":14,"column":1},"end":{"line":14,"column":12}},"loc":{"start":{"line":14,"column":16},"end":{"line":41,"column":2}}},"1":{"name":"(anonymous_2)","decl":{"start":{"line":18,"column":3},"end":{"line":18,"column":8}},"loc":{"start":{"line":18,"column":51},"end":{"line":39,"column":4}}}},"branchMap":{},"s":{"0":1,"1":1,"2":1,"3":1,"4":1,"5":1,"6":1,"7":1,"8":1,"9":1,"10":1,"11":1,"12":1,"13":1},"f":{"0":1,"1":1},"b":{}}
,"/Users/ntzi/Developer/Assignments/Super Simple/anomalous-metrics-test-task/src/middleware/validator.ts": {"path":"/Users/ntzi/Developer/Assignments/Super Simple/anomalous-metrics-test-task/src/middleware/validator.ts","statementMap":{"0":{"start":{"line":2,"column":0},"end":{"line":2,"column":51}},"1":{"start":{"line":4,"column":33},"end":{"line":21,"column":1}},"2":{"start":{"line":9,"column":19},"end":{"line":9,"column":40}},"3":{"start":{"line":11,"column":4},"end":{"line":18,"column":null}},"4":{"start":{"line":12,"column":8},"end":{"line":17,"column":11}},"5":{"start":{"line":20,"column":4},"end":{"line":20,"column":11}},"6":{"start":{"line":23,"column":0},"end":{"line":23,"column":24}}},"fnMap":{"0":{"name":"(anonymous_0)","decl":{"start":{"line":4,"column":33},"end":{"line":4,"column":null}},"loc":{"start":{"line":8,"column":4},"end":{"line":21,"column":1}}}},"branchMap":{"0":{"loc":{"start":{"line":11,"column":4},"end":{"line":18,"column":null}},"type":"if","locations":[{"start":{"line":11,"column":4},"end":{"line":18,"column":null}}]}},"s":{"0":1,"1":1,"2":1,"3":1,"4":0,"5":1,"6":1},"f":{"0":1},"b":{"0":[0]}}
,"/Users/ntzi/Developer/Assignments/Super Simple/anomalous-metrics-test-task/src/providers/routes.ts": {"path":"/Users/ntzi/Developer/Assignments/Super Simple/anomalous-metrics-test-task/src/providers/routes.ts","statementMap":{"0":{"start":{"line":1,"column":0},"end":{"line":1,"column":33}},"1":{"start":{"line":2,"column":0},"end":{"line":2,"column":48}},"2":{"start":{"line":4,"column":19},"end":{"line":4,"column":27}},"3":{"start":{"line":6,"column":0},"end":{"line":6,"column":35}},"4":{"start":{"line":8,"column":0},"end":{"line":8,"column":26}}},"fnMap":{},"branchMap":{},"s":{"0":1,"1":1,"2":1,"3":1,"4":1},"f":{},"b":{}}
,"/Users/ntzi/Developer/Assignments/Super Simple/anomalous-metrics-test-task/src/routes/conversion.ts": {"path":"/Users/ntzi/Developer/Assignments/Super Simple/anomalous-metrics-test-task/src/routes/conversion.ts","statementMap":{"0":{"start":{"line":1,"column":0},"end":{"line":1,"column":33}},"1":{"start":{"line":2,"column":0},"end":{"line":2,"column":54}},"2":{"start":{"line":4,"column":15},"end":{"line":4,"column":23}},"3":{"start":{"line":5,"column":19},"end":{"line":5,"column":35}},"4":{"start":{"line":7,"column":0},"end":{"line":7,"column":48}},"5":{"start":{"line":9,"column":0},"end":{"line":9,"column":22}}},"fnMap":{},"branchMap":{},"s":{"0":1,"1":1,"2":1,"3":1,"4":1,"5":1},"f":{},"b":{}}
,"/Users/ntzi/Developer/Assignments/Super Simple/anomalous-metrics-test-task/src/services/conversion.ts": {"path":"/Users/ntzi/Developer/Assignments/Super Simple/anomalous-metrics-test-task/src/services/conversion.ts","statementMap":{"0":{"start":{"line":1,"column":0},"end":{"line":1,"column":20}},"1":{"start":{"line":2,"column":0},"end":{"line":2,"column":24}},"2":{"start":{"line":3,"column":0},"end":{"line":3,"column":34}},"3":{"start":{"line":4,"column":0},"end":{"line":4,"column":28}},"4":{"start":{"line":12,"column":33},"end":{"line":16,"column":1}},"5":{"start":{"line":13,"column":17},"end":{"line":13,"column":51}},"6":{"start":{"line":14,"column":18},"end":{"line":14,"column":51}},"7":{"start":{"line":15,"column":1},"end":{"line":15,"column":33}},"8":{"start":{"line":143,"column":1},"end":{"line":143,"column":25}},"9":{"start":{"line":18,"column":25},"end":{"line":22,"column":1}},"10":{"start":{"line":19,"column":17},"end":{"line":19,"column":55}},"11":{"start":{"line":20,"column":18},"end":{"line":20,"column":51}},"12":{"start":{"line":21,"column":1},"end":{"line":21,"column":33}},"13":{"start":{"line":144,"column":1},"end":{"line":144,"column":17}},"14":{"start":{"line":24,"column":17},"end":{"line":33,"column":1}},"15":{"start":{"line":25,"column":16},"end":{"line":25,"column":18}},"16":{"start":{"line":26,"column":16},"end":{"line":26,"column":55}},"17":{"start":{"line":28,"column":1},"end":{"line":31,"column":null}},"18":{"start":{"line":29,"column":2},"end":{"line":29,"column":37}},"19":{"start":{"line":29,"column":28},"end":{"line":29,"column":37}},"20":{"start":{"line":30,"column":2},"end":{"line":30,"column":22}},"21":{"start":{"line":32,"column":1},"end":{"line":32,"column":15}},"22":{"start":{"line":35,"column":30},"end":{"line":61,"column":1}},"23":{"start":{"line":40,"column":25},"end":{"line":40,"column":27}},"24":{"start":{"line":42,"column":1},"end":{"line":53,"column":4}},"25":{"start":{"line":43,"column":15},"end":{"line":43,"column":24}},"26":{"start":{"line":44,"column":19},"end":{"line":44,"column":36}},"27":{"start":{"line":46,"column":18},"end":{"line":46,"column":66}},"28":{"start":{"line":48,"column":2},"end":{"line":52,"column":null}},"29":{"start":{"line":49,"column":3},"end":{"line":49,"column":40}},"30":{"start":{"line":51,"column":3},"end":{"line":51,"column":39}},"31":{"start":{"line":55,"column":30},"end":{"line":55,"column":32}},"32":{"start":{"line":56,"column":1},"end":{"line":58,"column":4}},"33":{"start":{"line":57,"column":2},"end":{"line":57,"column":59}},"34":{"start":{"line":60,"column":1},"end":{"line":60,"column":29}},"35":{"start":{"line":145,"column":1},"end":{"line":145,"column":22}},"36":{"start":{"line":63,"column":36},"end":{"line":76,"column":1}},"37":{"start":{"line":67,"column":18},"end":{"line":67,"column":20}},"38":{"start":{"line":68,"column":1},"end":{"line":73,"column":4}},"39":{"start":{"line":69,"column":15},"end":{"line":69,"column":25}},"40":{"start":{"line":70,"column":24},"end":{"line":70,"column":34}},"41":{"start":{"line":71,"column":25},"end":{"line":71,"column":54}},"42":{"start":{"line":72,"column":2},"end":{"line":72,"column":56}},"43":{"start":{"line":75,"column":1},"end":{"line":75,"column":17}},"44":{"start":{"line":146,"column":1},"end":{"line":146,"column":28}},"45":{"start":{"line":78,"column":23},"end":{"line":114,"column":1}},"46":{"start":{"line":85,"column":14},"end":{"line":85,"column":51}},"47":{"start":{"line":85,"column":40},"end":{"line":85,"column":50}},"48":{"start":{"line":89,"column":1},"end":{"line":89,"column":55}},"49":{"start":{"line":89,"column":48},"end":{"line":89,"column":53}},"50":{"start":{"line":91,"column":1},"end":{"line":103,"column":null}},"51":{"start":{"line":93,"column":2},"end":{"line":95,"column":63}},"52":{"start":{"line":96,"column":2},"end":{"line":99,"column":41}},"53":{"start":{"line":101,"column":2},"end":{"line":101,"column":49}},"54":{"start":{"line":102,"column":2},"end":{"line":102,"column":54}},"55":{"start":{"line":105,"column":13},"end":{"line":105,"column":20}},"56":{"start":{"line":106,"column":18},"end":{"line":106,"column":32}},"57":{"start":{"line":107,"column":18},"end":{"line":107,"column":32}},"58":{"start":{"line":110,"column":24},"end":{"line":110,"column":76}},"59":{"start":{"line":110,"column":45},"end":{"line":110,"column":75}},"60":{"start":{"line":111,"column":23},"end":{"line":111,"column":67}},"61":{"start":{"line":113,"column":1},"end":{"line":113,"column":null}},"62":{"start":{"line":147,"column":1},"end":{"line":147,"column":15}},"63":{"start":{"line":116,"column":27},"end":{"line":124,"column":1}},"64":{"start":{"line":117,"column":15},"end":{"line":117,"column":17}},"65":{"start":{"line":118,"column":1},"end":{"line":122,"column":null}},"66":{"start":{"line":119,"column":15},"end":{"line":119,"column":25}},"67":{"start":{"line":120,"column":27},"end":{"line":120,"column":37}},"68":{"start":{"line":121,"column":2},"end":{"line":121,"column":null}},"69":{"start":{"line":121,"column":41},"end":{"line":121,"column":null}},"70":{"start":{"line":123,"column":1},"end":{"line":123,"column":null}},"71":{"start":{"line":126,"column":34},"end":{"line":140,"column":1}},"72":{"start":{"line":127,"column":55},"end":{"line":127,"column":57}},"73":{"start":{"line":129,"column":1},"end":{"line":137,"column":null}},"74":{"start":{"line":130,"column":15},"end":{"line":130,"column":22}},"75":{"start":{"line":131,"column":25},"end":{"line":131,"column":40}},"76":{"start":{"line":132,"column":2},"end":{"line":136,"column":null}},"77":{"start":{"line":139,"column":1},"end":{"line":139,"column":null}},"78":{"start":{"line":148,"column":1},"end":{"line":148,"column":26}}},"fnMap":{"0":{"name":"(anonymous_1)","decl":{"start":{"line":12,"column":33},"end":{"line":12,"column":38}},"loc":{"start":{"line":12,"column":65},"end":{"line":16,"column":1}}},"1":{"name":"(anonymous_2)","decl":{"start":{"line":18,"column":25},"end":{"line":18,"column":30}},"loc":{"start":{"line":18,"column":57},"end":{"line":22,"column":1}}},"2":{"name":"(anonymous_3)","decl":{"start":{"line":24,"column":17},"end":{"line":24,"column":22}},"loc":{"start":{"line":24,"column":61},"end":{"line":33,"column":1}}},"3":{"name":"(anonymous_4)","decl":{"start":{"line":35,"column":30},"end":{"line":35,"column":31}},"loc":{"start":{"line":35,"column":72},"end":{"line":61,"column":1}}},"4":{"name":"(anonymous_5)","decl":{"start":{"line":42,"column":19},"end":{"line":42,"column":20}},"loc":{"start":{"line":42,"column":30},"end":{"line":53,"column":2}}},"5":{"name":"(anonymous_6)","decl":{"start":{"line":56,"column":34},"end":{"line":56,"column":35}},"loc":{"start":{"line":56,"column":43},"end":{"line":58,"column":2}}},"6":{"name":"(anonymous_7)","decl":{"start":{"line":63,"column":36},"end":{"line":63,"column":null}},"loc":{"start":{"line":66,"column":16},"end":{"line":76,"column":1}}},"7":{"name":"(anonymous_8)","decl":{"start":{"line":68,"column":14},"end":{"line":68,"column":15}},"loc":{"start":{"line":68,"column":29},"end":{"line":73,"column":2}}},"8":{"name":"(anonymous_9)","decl":{"start":{"line":78,"column":23},"end":{"line":78,"column":24}},"loc":{"start":{"line":78,"column":46},"end":{"line":114,"column":1}}},"9":{"name":"(anonymous_10)","decl":{"start":{"line":85,"column":27},"end":{"line":85,"column":28}},"loc":{"start":{"line":85,"column":40},"end":{"line":85,"column":50}}},"10":{"name":"(anonymous_11)","decl":{"start":{"line":89,"column":22},"end":{"line":89,"column":23}},"loc":{"start":{"line":89,"column":48},"end":{"line":89,"column":53}}},"11":{"name":"(anonymous_12)","decl":{"start":{"line":110,"column":38},"end":{"line":110,"column":39}},"loc":{"start":{"line":110,"column":45},"end":{"line":110,"column":75}}},"12":{"name":"(anonymous_13)","decl":{"start":{"line":116,"column":27},"end":{"line":116,"column":28}},"loc":{"start":{"line":116,"column":48},"end":{"line":124,"column":1}}},"13":{"name":"(anonymous_14)","decl":{"start":{"line":118,"column":14},"end":{"line":118,"column":21}},"loc":{"start":{"line":118,"column":24},"end":{"line":122,"column":2}}},"14":{"name":"(anonymous_15)","decl":{"start":{"line":126,"column":34},"end":{"line":126,"column":35}},"loc":{"start":{"line":126,"column":114},"end":{"line":140,"column":1}}},"15":{"name":"(anonymous_16)","decl":{"start":{"line":129,"column":21},"end":{"line":129,"column":25}},"loc":{"start":{"line":129,"column":28},"end":{"line":137,"column":2}}}},"branchMap":{"0":{"loc":{"start":{"line":29,"column":2},"end":{"line":29,"column":37}},"type":"if","locations":[{"start":{"line":29,"column":2},"end":{"line":29,"column":37}}]},"1":{"loc":{"start":{"line":48,"column":2},"end":{"line":52,"column":null}},"type":"if","locations":[{"start":{"line":48,"column":2},"end":{"line":52,"column":null}},{"start":{"line":50,"column":9},"end":{"line":52,"column":null}}]},"2":{"loc":{"start":{"line":91,"column":1},"end":{"line":103,"column":null}},"type":"if","locations":[{"start":{"line":91,"column":1},"end":{"line":103,"column":null}},{"start":{"line":100,"column":8},"end":{"line":103,"column":null}}]},"3":{"loc":{"start":{"line":110,"column":45},"end":{"line":110,"column":75}},"type":"binary-expr","locations":[{"start":{"line":110,"column":45},"end":{"line":110,"column":58}},{"start":{"line":110,"column":62},"end":{"line":110,"column":75}}]},"4":{"loc":{"start":{"line":121,"column":2},"end":{"line":121,"column":null}},"type":"if","locations":[{"start":{"line":121,"column":2},"end":{"line":121,"column":null}}]},"5":{"loc":{"start":{"line":135,"column":14},"end":{"line":135,"column":52}},"type":"cond-expr","locations":[{"start":{"line":135,"column":40},"end":{"line":135,"column":44}},{"start":{"line":135,"column":47},"end":{"line":135,"column":52}}]}},"s":{"0":2,"1":2,"2":2,"3":2,"4":2,"5":3,"6":3,"7":3,"8":2,"9":2,"10":4,"11":4,"12":4,"13":2,"14":2,"15":7,"16":7,"17":7,"18":3026,"19":7,"20":3019,"21":7,"22":2,"23":3,"24":3,"25":2208,"26":2208,"27":2208,"28":2208,"29":2133,"30":75,"31":3,"32":3,"33":75,"34":3,"35":2,"36":2,"37":2,"38":2,"39":50,"40":50,"41":50,"42":50,"43":2,"44":2,"45":2,"46":2,"47":50,"48":2,"49":162,"50":2,"51":0,"52":0,"53":2,"54":2,"55":2,"56":2,"57":2,"58":2,"59":50,"60":2,"61":2,"62":2,"63":2,"64":2,"65":2,"66":50,"67":50,"68":50,"69":2,"70":2,"71":2,"72":2,"73":2,"74":28,"75":28,"76":28,"77":2,"78":2},"f":{"0":3,"1":4,"2":7,"3":3,"4":2208,"5":75,"6":2,"7":50,"8":2,"9":50,"10":162,"11":50,"12":2,"13":50,"14":2,"15":28},"b":{"0":[7],"1":[2133,75],"2":[0,2],"3":[50,50],"4":[2],"5":[2,26]}}
}
