TN:
SF:src/app.ts
FN:10,(anonymous_1)
FNF:1
FNH:1
FNDA:1,(anonymous_1)
DA:1,1
DA:2,1
DA:3,1
DA:5,1
DA:6,1
DA:8,1
DA:10,1
DA:11,1
DA:14,1
DA:16,1
LF:10
LH:10
BRF:0
BRH:0
end_of_record
TN:
SF:src/controllers/conversion.ts
FN:14,(anonymous_1)
FN:18,(anonymous_2)
FNF:2
FNH:2
FNDA:1,(anonymous_1)
FNDA:1,(anonymous_2)
DA:2,1
DA:3,1
DA:4,1
DA:13,1
DA:15,1
DA:21,1
DA:23,1
DA:25,1
DA:26,1
DA:27,1
DA:28,1
DA:32,1
DA:33,1
DA:38,1
LF:14
LH:14
BRF:0
BRH:0
end_of_record
TN:
SF:src/middleware/validator.ts
FN:4,(anonymous_0)
FNF:1
FNH:1
FNDA:1,(anonymous_0)
DA:2,1
DA:4,1
DA:9,1
DA:11,1
DA:12,0
DA:20,1
DA:23,1
LF:7
LH:6
BRDA:11,0,0,0
BRF:1
BRH:0
end_of_record
TN:
SF:src/providers/routes.ts
FNF:0
FNH:0
DA:1,1
DA:2,1
DA:4,1
DA:6,1
DA:8,1
LF:5
LH:5
BRF:0
BRH:0
end_of_record
TN:
SF:src/routes/conversion.ts
FNF:0
FNH:0
DA:1,1
DA:2,1
DA:4,1
DA:5,1
DA:7,1
DA:9,1
LF:6
LH:6
BRF:0
BRH:0
end_of_record
TN:
SF:src/services/conversion.ts
FN:12,(anonymous_1)
FN:18,(anonymous_2)
FN:24,(anonymous_3)
FN:35,(anonymous_4)
FN:42,(anonymous_5)
FN:56,(anonymous_6)
FN:63,(anonymous_7)
FN:68,(anonymous_8)
FN:78,(anonymous_9)
FN:85,(anonymous_10)
FN:89,(anonymous_11)
FN:110,(anonymous_12)
FN:116,(anonymous_13)
FN:118,(anonymous_14)
FN:126,(anonymous_15)
FN:129,(anonymous_16)
FNF:16
FNH:16
FNDA:3,(anonymous_1)
FNDA:4,(anonymous_2)
FNDA:7,(anonymous_3)
FNDA:3,(anonymous_4)
FNDA:2208,(anonymous_5)
FNDA:75,(anonymous_6)
FNDA:2,(anonymous_7)
FNDA:50,(anonymous_8)
FNDA:2,(anonymous_9)
FNDA:50,(anonymous_10)
FNDA:162,(anonymous_11)
FNDA:50,(anonymous_12)
FNDA:2,(anonymous_13)
FNDA:50,(anonymous_14)
FNDA:2,(anonymous_15)
FNDA:28,(anonymous_16)
DA:1,2
DA:2,2
DA:3,2
DA:4,2
DA:12,2
DA:13,3
DA:14,3
DA:15,3
DA:18,2
DA:19,4
DA:20,4
DA:21,4
DA:24,2
DA:25,7
DA:26,7
DA:28,7
DA:29,3026
DA:30,3019
DA:32,7
DA:35,2
DA:40,3
DA:42,3
DA:43,2208
DA:44,2208
DA:46,2208
DA:48,2208
DA:49,2133
DA:51,75
DA:55,3
DA:56,3
DA:57,75
DA:60,3
DA:63,2
DA:67,2
DA:68,2
DA:69,50
DA:70,50
DA:71,50
DA:72,50
DA:75,2
DA:78,2
DA:85,50
DA:89,162
DA:91,2
DA:93,0
DA:96,0
DA:101,2
DA:102,2
DA:105,2
DA:106,2
DA:107,2
DA:110,50
DA:111,2
DA:113,2
DA:116,2
DA:117,2
DA:118,2
DA:119,50
DA:120,50
DA:121,50
DA:123,2
DA:126,2
DA:127,2
DA:129,2
DA:130,28
DA:131,28
DA:132,28
DA:139,2
DA:143,2
DA:144,2
DA:145,2
DA:146,2
DA:147,2
DA:148,2
LF:74
LH:72
BRDA:29,0,0,7
BRDA:48,1,0,2133
BRDA:48,1,1,75
BRDA:91,2,0,0
BRDA:91,2,1,2
BRDA:110,3,0,50
BRDA:110,3,1,50
BRDA:121,4,0,2
BRDA:135,5,0,2
BRDA:135,5,1,26
BRF:10
BRH:9
end_of_record
